Wed Dec  9 11:57:47 AEDT 2020
Error not found: Segmentation fault: address not mapped to object
Error not found: Segmentation fault: invalid permissions for mapped object
Error not found: Transport retry count exceeded
Error not found: atmosphere/input.nml
Error not eligible for resubmission
Wed Dec 16 18:35:04 AEDT 2020
Error not found: Segmentation fault: address not mapped to object
Error not found: Segmentation fault: invalid permissions for mapped object
Error not found: Transport retry count exceeded
Error not found: atmosphere/input.nml
Error not eligible for resubmission
Fri Dec 18 16:50:20 AEDT 2020
Error not found: Segmentation fault: address not mapped to object
Error not found: Segmentation fault: invalid permissions for mapped object
Error not found: Transport retry count exceeded
Error not found: atmosphere/input.nml
Error not eligible for resubmission
Mon Dec 28 02:01:35 AEDT 2020
Error not found: Segmentation fault: address not mapped to object
Error not found: Segmentation fault: invalid permissions for mapped object
Error not found: Transport retry count exceeded
Error not found: atmosphere/input.nml
Error not eligible for resubmission
Tue Jan 12 00:54:42 AEDT 2021
Error not found: Segmentation fault: address not mapped to object
Error not found: Segmentation fault: invalid permissions for mapped object
Error not found: Transport retry count exceeded
Error not found: atmosphere/input.nml
Error not eligible for resubmission
Mon Mar 15 14:37:56 AEDT 2021
Error not found: Segmentation fault: address not mapped to object
Error not found: Segmentation fault: invalid permissions for mapped object
Error not found: Transport retry count exceeded
Error not found: atmosphere/input.nml
Error not eligible for resubmission
Tue Jun 29 11:41:07 AEST 2021
Error not found: Segmentation fault: address not mapped to object
Error not found: Segmentation fault: invalid permissions for mapped object
Error not found: Transport retry count exceeded
Error not found: atmosphere/input.nml
Error not eligible for resubmission
Tue Jun 29 18:35:16 AEST 2021
Error not found: Segmentation fault: address not mapped to object
Error not found: Segmentation fault: invalid permissions for mapped object
Error not found: Transport retry count exceeded
Error not found: atmosphere/input.nml
Error not eligible for resubmission
Fri Jul  2 14:02:57 AEST 2021
Error found: Segmentation fault: address not mapped to object
Reset resubmission counter
Resubmission counter: 2
laboratory path:  /scratch/v45/hh0162/access-om2
binary path:  /scratch/v45/hh0162/access-om2/bin
input path:  /scratch/v45/hh0162/access-om2/input
work path:  /scratch/v45/hh0162/access-om2/work
archive path:  /scratch/v45/hh0162/access-om2/archive
Moving log r1i1p1f1_c.o24838299
Moving log r1i1p1f1.o24838300
Moving log r1i1p1f1_c.o24843612
Moving log r1i1p1f1_c.e24837100
Moving log r1i1p1f1_c.e24843612
Moving log r1i1p1f1.o24832139
Moving log r1i1p1f1_c.e24838299
Moving log r1i1p1f1.e24832139
Moving log r1i1p1f1.e24837101
Moving log r1i1p1f1_c.e24832138
Moving log r1i1p1f1_c.o24832138
Moving log r1i1p1f1.o24837101
Moving log r1i1p1f1_c.o24837100
Moving log r1i1p1f1.e24838300
Moving log r1i1p1f1.e24822192
Moving log r1i1p1f1.o24822192
Removing work path /scratch/v45/hh0162/access-om2/work/1deg_jra55_iaf_omip2-fixed
Removing symlink /scratch/v45/hh0162/access-om2/control/1deg_jra55_iaf_omip2-fixed/work
24856132.gadi-pbs
payu: warning: Job request includes 47 unused CPUs.
payu: warning: CPU request increased from 241 to 288
Loading input manifest: manifests/input.yaml
Loading restart manifest: manifests/restart.yaml
Loading exe manifest: manifests/exe.yaml
payu: Found modules in /opt/Modules/v4.3.0
qsub -q normal -P v45 -l walltime=04:00:00 -l ncpus=288 -l mem=1000GB -N r1i1p1f1 -l wd -j n -v PYTHONPATH=/apps/pangeo/2019.12/lib/python3.7/site-packages,PAYU_PATH=/g/data3/hh5/public/apps/miniconda3/envs/analysis3-21.01/bin,PAYU_N_RUNS=1,MODULESHOME=/opt/Modules/v4.3.0,MODULES_CMD=/opt/Modules/v4.3.0/libexec/modulecmd.tcl,MODULEPATH=/g/data3/hh5/public/modules:/opt/Modules/modulefiles:/opt/Modules/v4.3.0/modulefiles:/apps/Modules/modulefiles -W umask=027 -l storage=gdata/hh5+gdata/ik11+gdata/qv56+scratch/v45 -- /g/data3/hh5/public/apps/miniconda3/envs/analysis3-21.01/bin/python3.8 /g/data3/hh5/public/apps/miniconda3/envs/analysis3-21.01/bin/payu-run

Fri Jul  2 18:42:08 AEST 2021
Error not found: Segmentation fault: address not mapped to object
Error not found: Segmentation fault: invalid permissions for mapped object
Error not found: Transport retry count exceeded
Error not found: atmosphere/input.nml
Error not eligible for resubmission
